Script accessed at 2025-05-29 16:27:42
Array
(
    [start_date] => 2025-05-29
    [end_date] => 2025-05-30
)
Script accessed at 2025-05-29 16:27:49
Array
(
    [start_date] => 2025-05-29
    [end_date] => 2025-05-30
)
Script accessed at 2025-05-29 16:29:37
Array
(
    [start_date] => 2025-05-29
    [end_date] => 2025-05-30
)
Script accessed at 2025-05-29 16:30:21
Array
(
    [start_date] => 2025-05-29
    [end_date] => 2025-05-30
)
Script accessed at 2025-05-29 16:31:37
Array
(
    [start_date] => 2025-05-29
    [end_date] => 2025-05-30
)
Script accessed at 2025-05-29 16:33:29
Array
(
    [start_date] => 2025-05-29
    [end_date] => 2025-05-30
)
Script accessed at 2025-05-29 16:35:51
Array
(
    [start_date] => 2025-05-29
    [end_date] => 2025-05-30
)
Script accessed at 2025-05-29 16:37:07
Array
(
    [start_date] => 2025-05-29
    [end_date] => 2025-05-30
)
Script accessed at 2025-05-29 16:37:51
Array
(
    [start_date] => 2025-05-29
    [end_date] => 2025-05-30
)
Script accessed at 2025-05-29 16:39:14
Array
(
    [start_date] => 2025-05-29
    [end_date] => 2025-05-30
)
Script accessed at 2025-05-29 16:39:23
Array
(
    [start_date] => 2025-05-29
    [end_date] => 2025-05-30
)
Script accessed at 2025-05-29 16:39:33
Array
(
    [start_date] => 2025-05-29
    [end_date] => 2025-05-30
)
Script accessed at 2025-05-29 16:40:05
Array
(
    [start_date] => 2025-05-29
    [end_date] => 2025-05-30
)
Script accessed at 2025-05-29 16:55:36
Array
(
    [start_date] => 2025-05-29
    [end_date] => 2025-05-30
)
Script accessed at 2025-05-29 18:34:08
Array
(
    [start_date] => 2025-05-29
    [end_date] => 2025-05-30
)
Script accessed at 2025-05-29 18:53:55
Array
(
    [start_date] => 2025-05-29
    [end_date] => 2025-05-30
)
Script accessed at 2025-05-29 20:02:50
Array
(
    [start_date] => 2025-05-29
    [end_date] => 2025-05-30
)
Script accessed at 2025-05-29 20:11:15
Array
(
    [start_date] => 2025-05-29
    [end_date] => 2025-05-30
)
Script accessed at 2025-05-29 20:22:52
Array
(
    [start_date] => 2025-05-29
    [end_date] => 2025-05-30
)
Script accessed at 2025-05-29 20:29:52
Array
(
    [start_date] => 2025-05-29
    [end_date] => 2025-05-30
)
Script accessed at 2025-05-29 20:30:32
Array
(
    [start_date] => 2025-05-29
    [end_date] => 2025-05-30
)
Script accessed at 2025-05-29 20:30:39
Array
(
    [start_date] => 2025-05-29
    [end_date] => 2025-05-30
)
Script accessed at 2025-05-29 20:38:22
Array
(
    [start_date] => 2025-05-29
    [end_date] => 2025-05-30
)
Script accessed at 2025-05-29 20:38:35
Array
(
    [start_date] => 2025-05-29
    [end_date] => 2025-05-30
)
Script accessed at 2025-05-29 20:42:27
Array
(
    [start_date] => 2025-05-29
    [end_date] => 2025-05-30
)
Script accessed at 2025-05-29 20:51:49
Array
(
    [start_date] => 2025-05-29
    [end_date] => 2025-05-30
)
Script accessed at 2025-05-29 20:53:47
Array
(
    [start_date] => 2025-05-29
    [end_date] => 2025-05-30
)
Script accessed at 2025-05-29 20:54:15
Array
(
    [start_date] => 2025-05-29
    [end_date] => 2025-05-30
)
Script accessed at 2025-05-29 21:10:29
Array
(
    [start_date] => 2025-05-29
    [end_date] => 2025-05-30
)
Script accessed at 2025-05-29 21:10:33
Array
(
    [start_date] => 2025-05-29
    [end_date] => 2025-05-30
)
Script accessed at 2025-05-29 21:10:38
Array
(
    [start_date] => 2025-05-29
    [end_date] => 2025-05-30
)
Script accessed at 2025-05-29 21:10:43
Array
(
    [start_date] => 2025-05-29
    [end_date] => 2025-05-30
)
Script accessed at 2025-05-29 21:14:42
Array
(
    [start_date] => 2025-05-28
    [end_date] => 2025-05-30
)
Script accessed at 2025-05-29 21:26:05
Array
(
    [start_date] => 2025-05-29
    [end_date] => 2025-05-30
)
Script accessed at 2025-05-29 21:26:25
Array
(
    [start_date] => 2025-05-29
    [end_date] => 2025-05-30
)
Script accessed at 2025-05-29 21:26:47
Array
(
    [start_date] => 2025-05-29
    [end_date] => 2025-05-30
)
Script accessed at 2025-05-29 21:30:16
Array
(
    [start_date] => 2025-05-29
    [end_date] => 2025-05-30
)
Script accessed at 2025-05-29 21:30:18
Array
(
)
Script accessed at 2025-05-29 21:35:08
Array
(
    [start_date] => 2025-05-29
    [end_date] => 2025-05-30
)
Script accessed at 2025-05-29 21:36:37
Array
(
    [start_date] => 2025-05-29
    [end_date] => 2025-05-30
)
Script accessed at 2025-05-29 21:37:08
Array
(
    [start_date] => 2025-05-28
    [end_date] => 2025-05-30
)
Script accessed at 2025-05-29 21:40:48
Array
(
    [start_date] => 2025-05-28
    [end_date] => 2025-05-30
)
Script accessed at 2025-05-29 21:54:34
Array
(
    [start_date] => 2025-05-29
    [end_date] => 2025-05-30
)
Script accessed at 2025-05-29 21:54:48
Array
(
    [start_date] => 2025-05-28
    [end_date] => 2025-05-30
)
Script accessed at 2025-05-29 22:24:09
Array
(
    [start_date] => 2025-05-29
    [end_date] => 2025-05-30
)
Script accessed at 2025-05-29 22:24:41
Array
(
    [start_date] => 2025-05-28
    [end_date] => 2025-05-30
)
Script accessed at 2025-05-29 22:26:33
Array
(
    [start_date] => 2025-05-29
    [end_date] => 2025-05-30
)
Script accessed at 2025-05-29 22:27:35
Array
(
    [start_date] => 2025-05-29
    [end_date] => 2025-05-30
)
Script accessed at 2025-05-29 22:27:52
Array
(
    [start_date] => 2025-05-29
    [end_date] => 2025-05-30
)
Script accessed at 2025-05-29 22:28:30
Array
(
    [start_date] => 2025-05-29
    [end_date] => 2025-05-30
)
Script accessed at 2025-05-29 22:28:45
Array
(
    [start_date] => 2025-05-29
    [end_date] => 2025-05-30
)
Script accessed at 2025-05-29 22:49:46
Array
(
    [start_date] => 2025-05-29
    [end_date] => 2025-05-30
)
Script accessed at 2025-05-29 22:57:15
Array
(
    [start_date] => 2025-05-28
    [end_date] => 2025-05-30
)
Script accessed at 2025-05-29 23:34:04
Array
(
    [start_date] => 2025-05-29
    [end_date] => 2025-05-30
)
Script accessed at 2025-05-29 23:36:23
Array
(
    [start_date] => 2025-05-28
    [end_date] => 2025-05-30
)
Script accessed at 2025-05-29 23:47:45
Array
(
    [start_date] => 2025-05-28
    [end_date] => 2025-05-30
)
Script accessed at 2025-05-29 23:47:50
Array
(
    [start_date] => 2025-05-28
    [end_date] => 2025-05-30
)
Script accessed at 2025-05-29 23:47:53
Array
(
    [start_date] => 2025-05-28
    [end_date] => 2025-05-30
)
Script accessed at 2025-05-29 23:48:01
Array
(
    [start_date] => 2025-05-28
    [end_date] => 2025-05-30
)
Script accessed at 2025-05-29 23:48:14
Array
(
    [start_date] => 2025-05-28
    [end_date] => 2025-05-30
)
Script accessed at 2025-05-29 23:48:15
Array
(
    [start_date] => 2025-05-28
    [end_date] => 2025-05-30
)
Script accessed at 2025-05-29 23:48:39
Array
(
    [start_date] => 2025-05-28
    [end_date] => 2025-05-30
)
Script accessed at 2025-05-29 23:51:56
Array
(
    [start_date] => 2025-05-29
    [end_date] => 2025-05-30
)
Script accessed at 2025-05-29 23:52:10
Array
(
    [start_date] => 2025-05-29
    [end_date] => 2025-05-30
)
Script accessed at 2025-05-29 23:52:16
Array
(
    [start_date] => 2025-05-29
    [end_date] => 2025-05-30
)
Script accessed at 2025-05-29 23:52:35
Array
(
    [start_date] => 2025-05-29
    [end_date] => 2025-05-30
)
Script accessed at 2025-05-29 23:52:41
Array
(
    [start_date] => 2025-05-29
    [end_date] => 2025-05-30
)
Script accessed at 2025-05-29 23:52:42
Array
(
    [start_date] => 2025-05-29
    [end_date] => 2025-05-30
)
Script accessed at 2025-05-29 23:52:43
Array
(
    [start_date] => 2025-05-29
    [end_date] => 2025-05-30
)
Script accessed at 2025-05-29 23:53:01
Array
(
    [start_date] => 2025-05-29
    [end_date] => 2025-05-30
)
Script accessed at 2025-05-29 23:54:40
Array
(
    [start_date] => 2025-05-29
    [end_date] => 2025-05-30
)
Script accessed at 2025-05-29 23:55:14
Array
(
    [start_date] => 2025-05-29
    [end_date] => 2025-05-30
)
Script accessed at 2025-05-29 23:55:53
Array
(
    [start_date] => 2025-05-29
    [end_date] => 2025-05-30
)
Script accessed at 2025-05-29 23:57:48
Array
(
    [start_date] => 2025-05-29
    [end_date] => 2025-05-30
)
Script accessed at 2025-05-29 23:58:00
Array
(
    [start_date] => 2025-05-28
    [end_date] => 2025-05-30
)
